<?xml version="1.0" encoding="UTF-8"?>
<!-- Generated by org.testng.reporters.JUnitReportReporter -->
<testsuite skipped="0" hostname="DESKTOP-1RV8L6R" name="com.orangehrmlive.demo.AppTest" tests="1" failures="0" timestamp="2023-05-04T20:30:24 BST" time="0.004" errors="0">
  <testcase name="testApp" time="0.004" classname="com.orangehrmlive.demo.AppTest"/>
  <system-out/>
</testsuite> <!-- com.orangehrmlive.demo.AppTest -->
